<?xml version="1.0" encoding="UTF-8"?>
<!-- Generated by org.testng.reporters.JUnitReportReporter -->
<testsuite hostname="LAPTOP-TBFR03AS" failures="0" tests="1" name="Tests.MobileTests" time="45.205" errors="0" timestamp="08 Nov 2024 01:27:57 GMT" skipped="0">
  <testcase classname="Tests.MobileTests" name="priveVerificationTest" time="45.205"/>
</testsuite> <!-- Tests.MobileTests -->
