<?xml version="1.0" encoding="UTF-8"?>
<!-- Generated by org.testng.reporters.JUnitReportReporter -->
<testsuite hostname="LAPTOP-TBFR03AS" failures="0" tests="1" name="Tests.SelectPlanTests" time="45.227" errors="0" timestamp="08 Nov 2024 01:33:30 GMT" skipped="0">
  <testcase classname="Tests.SelectPlanTests" name="selectInsurancePlanTest" time="45.227"/>
</testsuite> <!-- Tests.SelectPlanTests -->
