<?xml version="1.0" encoding="UTF-8"?>
<!-- Generated by org.testng.reporters.JUnitReportReporter -->
<testsuite hostname="LAPTOP-TBFR03AS" failures="0" tests="1" name="Tests.CheckoutTests" time="46.142" errors="0" timestamp="08 Nov 2024 03:53:27 GMT" skipped="0">
  <testcase classname="Tests.CheckoutTests" name="checkOutVerificationTest" time="46.142"/>
</testsuite> <!-- Tests.CheckoutTests -->
